Added Component: Designator=J6(FTSH-105-01-F-DV)
Add component. Clean all parameters for all variants
Added Component: Designator=J10(FTSH-105-01-F-DV)
Add component. Clean all parameters for all variants
Added Pin To Net: NetName=LASER Pin=J6-1
Added Pin To Net: NetName=MOTOR1- Pin=J6-3
Added Pin To Net: NetName=MOTOR2+ Pin=J6-5
Added Pin To Net: NetName=MOTOR1- Pin=J6-7
Added Pin To Net: NetName=MOTOR1+ Pin=J6-9
Added Pin To Net: NetName=SERVO4 Pin=J10-1
Added Pin To Net: NetName=USBTX Pin=J10-2
Added Pin To Net: NetName=SERVO3 Pin=J10-3
Added Pin To Net: NetName=USBRX' Pin=J10-4
Added Pin To Net: NetName=SERVO2 Pin=J10-5
Added Pin To Net: NetName=LIM1 Pin=J10-6
Added Pin To Net: NetName=SERVO1 Pin=J10-7
Added Pin To Net: NetName=LIM2 Pin=J10-8
Added Pin To Net: NetName=5V Pin=J10-9
Added Pin To Net: NetName=GND Pin=J10-10
Added Member To Class: ClassName=PogoPinSide Member=Component J6 10-Pin Std Conn
Added Member To Class: ClassName=PogoPinSide Member=Component J10 10-Pin Std Conn
Added Room: Name=PogoPinSide
