Change Component Comment : Designator=J1 Old Comment=PogoPin New Comment=PogoPinPad
Change Component Comment : Designator=J2 Old Comment=PogoPin New Comment=PogoPinPad
Change Component Comment : Designator=J3 Old Comment=PogoPin New Comment=PogoPinPad
Change Component Comment : Designator=J4 Old Comment=PogoPin New Comment=PogoPinPad
Change Component Comment : Designator=J5 Old Comment=PogoPin New Comment=PogoPinPad
Change Component Comment : Designator=J6 Old Comment=PogoPin New Comment=PogoPinPad
Change Component Comment : Designator=J7 Old Comment=PogoPin New Comment=PogoPinPad
Change Component Comment : Designator=J8 Old Comment=PogoPin New Comment=PogoPinPad
Change Component Comment : Designator=J9 Old Comment=PogoPin New Comment=PogoPinPad
Change Component Comment : Designator=J10 Old Comment=PogoPin New Comment=PogoPinPad
Change Component Comment : Designator=J11 Old Comment=PogoPin New Comment=PogoPinPad
Change Component Comment : Designator=J12 Old Comment=PogoPin New Comment=PogoPinPad
Change Component Comment : Designator=J13 Old Comment=PogoPin New Comment=PogoPinPad
Change Component Comment : Designator=J14 Old Comment=PogoPin New Comment=PogoPinPad
Change Component Comment : Designator=J15 Old Comment=PogoPin New Comment=PogoPinPad
Added Pin To Net: NetName=5V Pin=J12-1
Added Pin To Net: NetName=5V Pin=J16-1
Added Net: Name=5V
Added Pin To Net: NetName=GND Pin=J13-1
Added Pin To Net: NetName=GND Pin=J16-10
Added Net: Name=GND
Added Pin To Net: NetName=LASER Pin=J7-1
Added Pin To Net: NetName=LASER Pin=J17-4
Added Net: Name=LASER
Added Pin To Net: NetName=LIM1 Pin=J8-1
Added Pin To Net: NetName=LIM1 Pin=J17-2
Added Net: Name=LIM1
Added Pin To Net: NetName=LIM2 Pin=J11-1
Added Pin To Net: NetName=LIM2 Pin=J16-3
Added Net: Name=LIM2
Added Pin To Net: NetName=MOTOR1+ Pin=J1-1
Added Pin To Net: NetName=MOTOR1+ Pin=J17-1
Added Pin To Net: NetName=MOTOR1+ Pin=J17-3
Added Net: Name=MOTOR1+
Added Pin To Net: NetName=MOTOR1- Pin=J2-1
Added Pin To Net: NetName=MOTOR1- Pin=J17-5
Added Pin To Net: NetName=MOTOR1- Pin=J17-7
Added Net: Name=MOTOR1-
Added Pin To Net: NetName=MOTOR2+ Pin=J15-1
Added Pin To Net: NetName=MOTOR2+ Pin=J16-2
Added Pin To Net: NetName=MOTOR2+ Pin=J16-4
Added Net: Name=MOTOR2+
Added Pin To Net: NetName=MOTOR2- Pin=J14-1
Added Pin To Net: NetName=MOTOR2- Pin=J16-6
Added Pin To Net: NetName=MOTOR2- Pin=J16-8
Added Net: Name=MOTOR2-
Added Pin To Net: NetName=SERVO1 Pin=J3-1
Added Pin To Net: NetName=SERVO1 Pin=J17-9
Added Net: Name=SERVO1
Added Pin To Net: NetName=SERVO2 Pin=J4-1
Added Pin To Net: NetName=SERVO2 Pin=J17-10
Added Net: Name=SERVO2
Added Pin To Net: NetName=SERVO3 Pin=J5-1
Added Pin To Net: NetName=SERVO3 Pin=J17-8
Added Net: Name=SERVO3
Added Pin To Net: NetName=SERVO4 Pin=J6-1
Added Pin To Net: NetName=SERVO4 Pin=J17-6
Added Net: Name=SERVO4
Added Pin To Net: NetName=SPARE Pin=J16-5
Added Net: Name=SPARE
Added Pin To Net: NetName=USBRX Pin=J10-1
Added Pin To Net: NetName=USBRX Pin=J16-7
Added Net: Name=USBRX
Added Pin To Net: NetName=USBTX Pin=J9-1
Added Pin To Net: NetName=USBTX Pin=J16-9
Added Net: Name=USBTX
Added Class: Name=Pads
